Uninstalled 1 package in 3ms
Installed 1 package in 17ms
2026-04-06 08:40:03,316 INFO autoresearch.subassembly.train: Stage-0 hybrid: train_segments=46 val_segments=28 epochs=200 steps_per_epoch=2 total_steps=400 budget=300.0s halo=16 center_chunk_len=256 state_aux_weight=0.1000 class_weights=[0.4242, 1.6157, 1.6157, 0.3444]
2026-04-06 08:40:24,011 INFO autoresearch.subassembly.train: stage0 val epoch=004 source=current score=0.085587 halo16=0.000000 proxy=0.171174 false=3362 fullseq=0.008439 best
2026-04-06 08:40:38,332 INFO autoresearch.subassembly.train: stage0 step=0020/0400 epoch=009 loss=0.3891 boundary=0.3448 state=0.4430 start=0.1475 end=0.0540 cycle=0.2362 transition=0.0837 lr=0.000952381
2026-04-06 08:40:43,632 INFO autoresearch.subassembly.train: stage0 val epoch=009 source=current score=0.431511 halo16=0.320786 proxy=0.542236 false=2723 fullseq=0.312195 best
2026-04-06 08:41:03,191 INFO autoresearch.subassembly.train: stage0 val epoch=014 source=current score=0.521133 halo16=0.438687 proxy=0.603579 false=1889 fullseq=0.439108 best
2026-04-06 08:41:17,584 INFO autoresearch.subassembly.train: stage0 step=0040/0400 epoch=019 loss=0.1455 boundary=0.1251 state=0.2037 start=0.0370 end=0.0382 cycle=0.0754 transition=0.0408 lr=0.000952256
2026-04-06 08:41:22,376 INFO autoresearch.subassembly.train: stage0 val epoch=019 source=current score=0.720463 halo16=0.725490 proxy=0.715435 false=958 fullseq=0.716243 best
2026-04-06 08:41:41,337 INFO autoresearch.subassembly.train: stage0 val epoch=024 source=current score=0.711673 halo16=0.688213 proxy=0.735133 false=786 fullseq=0.690702 keep-prev
2026-04-06 08:41:55,875 INFO autoresearch.subassembly.train: stage0 step=0060/0400 epoch=029 loss=0.0648 boundary=0.0513 state=0.1341 start=0.0095 end=0.0105 cycle=0.0489 transition=0.0227 lr=0.00090213
2026-04-06 08:42:00,732 INFO autoresearch.subassembly.train: stage0 val epoch=029 source=current score=0.748992 halo16=0.721569 proxy=0.776416 false=487 fullseq=0.710937 best
2026-04-06 08:42:06,229 INFO autoresearch.subassembly.train: stage0 val epoch=029 source=ema score=0.748992 halo16=0.721569 proxy=0.776416 false=487 fullseq=0.710937 keep-prev
2026-04-06 08:42:30,019 INFO autoresearch.subassembly.train: stage0 val epoch=034 source=current score=0.798561 halo16=0.791753 proxy=0.805369 false=398 fullseq=0.779592 best
2026-04-06 08:42:34,789 INFO autoresearch.subassembly.train: stage0 val epoch=034 source=ema score=0.741147 halo16=0.710937 proxy=0.771356 false=503 fullseq=0.702913 keep-prev
2026-04-06 08:42:53,263 INFO autoresearch.subassembly.train: stage0 step=0080/0400 epoch=039 loss=0.0397 boundary=0.0313 state=0.0832 start=0.0047 end=0.0032 cycle=0.0369 transition=0.0168 lr=0.000852005
2026-04-06 08:42:57,915 INFO autoresearch.subassembly.train: stage0 val epoch=039 source=current score=0.804205 halo16=0.792453 proxy=0.815957 false=308 fullseq=0.781893 best
2026-04-06 08:43:02,732 INFO autoresearch.subassembly.train: stage0 val epoch=039 source=ema score=0.742254 halo16=0.710937 proxy=0.773571 false=492 fullseq=0.704280 keep-prev
2026-04-06 08:43:26,485 INFO autoresearch.subassembly.train: stage0 val epoch=044 source=current score=0.830630 halo16=0.828753 proxy=0.832508 false=290 fullseq=0.832636 best
2026-04-06 08:43:31,292 INFO autoresearch.subassembly.train: stage0 val epoch=044 source=ema score=0.741465 halo16=0.707031 proxy=0.775899 false=483 fullseq=0.700389 keep-prev
2026-04-06 08:43:50,306 INFO autoresearch.subassembly.train: stage0 step=0100/0400 epoch=049 loss=0.0179 boundary=0.0155 state=0.0242 start=0.0042 end=0.0036 cycle=0.0069 transition=0.0141 lr=0.00080188
2026-04-06 08:43:54,759 INFO autoresearch.subassembly.train: stage0 val epoch=049 source=current score=0.821721 halo16=0.810127 proxy=0.833314 false=284 fullseq=0.800830 keep-prev
2026-04-06 08:43:59,509 INFO autoresearch.subassembly.train: stage0 val epoch=049 source=ema score=0.740827 halo16=0.707031 proxy=0.774622 false=486 fullseq=0.704280 keep-prev
2026-04-06 08:44:23,075 INFO autoresearch.subassembly.train: stage0 val epoch=054 source=current score=0.811848 halo16=0.796646 proxy=0.827051 false=289 fullseq=0.785124 keep-prev
2026-04-06 08:44:27,906 INFO autoresearch.subassembly.train: stage0 val epoch=054 source=ema score=0.740749 halo16=0.707031 proxy=0.774466 false=487 fullseq=0.704280 keep-prev
2026-04-06 08:44:46,794 INFO autoresearch.subassembly.train: stage0 step=0120/0400 epoch=059 loss=0.0086 boundary=0.0078 state=0.0080 start=0.0019 end=0.0019 cycle=0.0016 transition=0.0106 lr=0.000751754
2026-04-06 08:44:51,532 INFO autoresearch.subassembly.train: stage0 val epoch=059 source=current score=0.838403 halo16=0.834746 proxy=0.842060 false=258 fullseq=0.838574 best
2026-04-06 08:44:56,342 INFO autoresearch.subassembly.train: stage0 val epoch=059 source=ema score=0.742476 halo16=0.710937 proxy=0.774014 false=486 fullseq=0.704280 keep-prev
2026-04-06 08:45:08,315 INFO autoresearch.subassembly.train: stage0 val epoch=061 source=current score=0.833691 halo16=0.823276 proxy=0.844107 false=244 fullseq=0.834043 keep-prev
2026-04-06 08:45:13,202 INFO autoresearch.subassembly.train: stage0 val epoch=061 source=ema score=0.742827 halo16=0.710937 proxy=0.774717 false=484 fullseq=0.704280 keep-prev
[split] minda-subassembly-tcn | policy=camera_stratified_hash train_videos=23 val_videos=12 target_val_videos=14.0 singleton_cameras=6
[split] minda-subassembly-tcn camera_val_counts=0cbff4d6-2aea-4434-8160-9b667e282ced:1/3 0fa42810-1341-4b19-882d-7e4d19d437c7:1/2 1db0b10e-527c-444b-a06c-65294f23d725:1/3 392ec2e9-75da-41d3-87df-07434488964a:1/2 47903062-0a34-4ed3-abb7-9d760259ab67:0/1 4a68efd7-bc03-4a29-86e4-ed7bc68ea8b1:0/1 67fafd74-1437-44b8-bc88-e46f959f11d1:0/1 6daf664b-1480-462e-b201-03e602320e6e:1/3 716ca605-396d-4eee-899e-672582839f2b:0/1 75bdbe6d-f2e4-4c07-b67f-71aa53eeb473:1/2 786f89a6-1d11-40ac-858a-f9c687ffb089:1/2 796be63d-9edd-4b42-a068-a9fa142393d9:1/3 7dcc5f73-d601-4ec3-bccb-40cb8fa035ee:2/4 d1543513-5268-4137-9711-d973e3073a9a:0/1 ed01c5c5-954f-4a80-9646-bc175619cf39:0/1 eede7a9c-4c4b-47c6-92a0-04925333b7d5:1/3 f3cae3f0-0b6c-4deb-8db5-eed5e598ef67:1/2
[task] boundary_pairs_single_space
[workspace_root] /home/ubuntu/internvideo-attention
[device] cuda
[output_root] /tmp/autoresearch_minda_subassembly_replay_runs/minda_subassembly_replay_20260406T084001Z
[source_run_dir] /tmp/autoresearch-minda-subassembly-cache/onemed_dense_v1/materialized_runs/92c8fdb4-c0f6-4503-b2cc-ab340f79f8f6/dense_temporal
[cache_root] /tmp/autoresearch-minda-subassembly-cache/onemed_dense_v1
[stage] tcn | duration=300.0s | trainable_params_M=7.556
[tcn] best_epoch=59 source=current score=0.841827 halo16=0.840764 proxy=0.842889 false=256 fullseq=0.838574
[stage] probe_phase1 | duration=0.0s | profile=historical
[probe] skipped=1 reason=zero_budget passthrough_tcn=/tmp/autoresearch_minda_subassembly_replay_runs/minda_subassembly_replay_20260406T084001Z/stage0_best/boundary_model.pt passthrough_probe=/home/ubuntu/internvideo-attention/encoder_models/vjepa2_attention_poolers/ssv2-vitl-16x2x3.pt
---
val_selection_score:0.841827
val_halo16_pair_f1:0.840764
val_proxy_macro_f1:0.842889
val_proxy_false:   256
val_fullseq_pair_f1:0.838574
training_seconds:   300.0
total_seconds:      316.6
time_budget_seconds:300.0
tcn_stage_seconds:  300.0
probe_stage_seconds:0.0
peak_vram_mb:       750.4
cache_version:      onemed_dense_v1
model_family:       minda_subassembly_hybrid_halo16_stage0_optional_historical_probe
task_mode:          boundary_pairs_single_space
pooler_tune_mode:   phase1_skipped_zero_budget
representation_mode:hybrid_halo16_pooled_z0
cache_root:         /tmp/autoresearch-minda-subassembly-cache/onemed_dense_v1
output_root_final:  /tmp/autoresearch_minda_subassembly_replay_runs/minda_subassembly_replay_20260406T084001Z
